c:\users\ebail\documents\github\mathgrapher\debug\vc141.pdb
c:\users\ebail\documents\github\mathgrapher\debug\vc141.idb
c:\users\ebail\documents\github\mathgrapher\debug\functions.obj
c:\users\ebail\documents\github\mathgrapher\debug\renderingutilities.obj
c:\users\ebail\documents\github\mathgrapher\debug\displaywrapper.obj
c:\users\ebail\documents\github\mathgrapher\debug\bulkutilities.obj
c:\users\ebail\documents\github\mathgrapher\debug\graph.obj
c:\users\ebail\documents\github\mathgrapher\debug\interpolation.obj
c:\users\ebail\documents\github\mathgrapher\debug\rawimage.obj
c:\users\ebail\documents\github\mathgrapher\debug\rawtext.obj
c:\users\ebail\documents\github\mathgrapher\debug\slider.obj
c:\users\ebail\documents\github\mathgrapher\debug\displayobjects.obj
c:\users\ebail\documents\github\mathgrapher\debug\function.obj
c:\users\ebail\documents\github\mathgrapher\debug\createsimpleinterpolation.obj
c:\users\ebail\documents\github\mathgrapher\debug\editfunctionpopup.obj
c:\users\ebail\documents\github\mathgrapher\debug\quickcloserpopup.obj
c:\users\ebail\documents\github\mathgrapher\debug\addobjectpopup.obj
c:\users\ebail\documents\github\mathgrapher\debug\choosefunctioninterpolation.obj
c:\users\ebail\documents\github\mathgrapher\debug\choosefunctionpopup.obj
c:\users\ebail\documents\github\mathgrapher\debug\chooseinterpolationpopup.obj
c:\users\ebail\documents\github\mathgrapher\debug\choosepointconcernedforlinkingpopup.obj
c:\users\ebail\documents\github\mathgrapher\debug\choosewhichimagepopup.obj
c:\users\ebail\documents\github\mathgrapher\debug\loadfilepopup.obj
c:\users\ebail\documents\github\mathgrapher\debug\majorpopup.obj
c:\users\ebail\documents\github\mathgrapher\debug\savefilepopup.obj
c:\users\ebail\documents\github\mathgrapher\debug\savevideopopup.obj
c:\users\ebail\documents\github\mathgrapher\debug\popup.obj
c:\users\ebail\documents\github\mathgrapher\debug\createfunctionruninterpolation.obj
c:\users\ebail\documents\github\mathgrapher\debug\createhighlightinterpolation.obj
c:\users\ebail\documents\github\mathgrapher\debug\createpointofinterest.obj
c:\users\ebail\documents\github\mathgrapher\debug\createresizeinterpolation.obj
c:\users\ebail\documents\github\mathgrapher\debug\editgraphpopup.obj
c:\users\ebail\documents\github\mathgrapher\debug\editimagepopup.obj
c:\users\ebail\documents\github\mathgrapher\debug\editsliderpopup.obj
c:\users\ebail\documents\github\mathgrapher\debug\edittextpopup.obj
c:\users\ebail\documents\github\mathgrapher\debug\maindisplay.obj
c:\users\ebail\documents\github\mathgrapher\debug\popupwrapper.obj
c:\users\ebail\documents\github\mathgrapher\debug\main.obj
c:\users\ebail\documents\github\mathgrapher\debug\mathgrapher.tlog\cl.command.1.tlog
c:\users\ebail\documents\github\mathgrapher\debug\mathgrapher.tlog\cl.read.1.tlog
c:\users\ebail\documents\github\mathgrapher\debug\mathgrapher.tlog\cl.write.1.tlog
