  main.cpp
c:\users\ebail\documents\github\mathgrapher\mathgrapher\Graph.hpp(185): warning C4244: 'argument': conversion from 'double' to 'int', possible loss of data
mathgrapher\main.cpp(152): warning C4018: '<': signed/unsigned mismatch
mathgrapher\main.cpp(159): warning C4018: '<': signed/unsigned mismatch
c:\users\ebail\documents\github\mathgrapher\mathgrapher\RenderingUtilities.hpp(109): warning C4018: '<': signed/unsigned mismatch
  mathgrapher\main.cpp(165): note: see reference to function template instantiation 'auto map<controlFlow::<lambda_cbb17affdd3f5ca7a1182e5fc8799d51>,DisplayObject*>(A,std::vector<DisplayObject *,std::allocator<_Ty>>)' being compiled
          with
          [
              A=controlFlow::<lambda_cbb17affdd3f5ca7a1182e5fc8799d51>,
              _Ty=DisplayObject *
          ]
mathgrapher\main.cpp(196): warning C4244: 'argument': conversion from 'double' to 'int', possible loss of data
mathgrapher\main.cpp(198): warning C4244: 'argument': conversion from 'double' to 'int', possible loss of data
mathgrapher\main.cpp(199): warning C4244: 'argument': conversion from 'double' to 'int', possible loss of data
mathgrapher\main.cpp(204): warning C4018: '<': signed/unsigned mismatch
mathgrapher\main.cpp(208): warning C4244: 'argument': conversion from 'double' to 'int', possible loss of data
mathgrapher\main.cpp(213): warning C4244: 'argument': conversion from 'double' to 'int', possible loss of data
mathgrapher\main.cpp(214): warning C4244: 'argument': conversion from 'double' to 'int', possible loss of data
mathgrapher\main.cpp(224): warning C4244: 'argument': conversion from 'double' to 'int', possible loss of data
mathgrapher\main.cpp(225): warning C4244: 'argument': conversion from 'double' to 'int', possible loss of data
mathgrapher\main.cpp(239): warning C4244: 'argument': conversion from 'double' to 'int', possible loss of data
mathgrapher\main.cpp(240): warning C4244: 'argument': conversion from 'double' to 'int', possible loss of data
mathgrapher\main.cpp(242): warning C4018: '<': signed/unsigned mismatch
mathgrapher\main.cpp(353): warning C4244: 'argument': conversion from 'double' to 'int', possible loss of data
mathgrapher\main.cpp(354): warning C4244: 'argument': conversion from 'double' to 'int', possible loss of data
mathgrapher\main.cpp(366): warning C4244: 'argument': conversion from 'double' to 'int', possible loss of data
mathgrapher\main.cpp(367): warning C4244: 'argument': conversion from 'double' to 'int', possible loss of data
mathgrapher\main.cpp(381): warning C4244: 'argument': conversion from 'double' to 'int', possible loss of data
mathgrapher\main.cpp(382): warning C4244: 'argument': conversion from 'double' to 'int', possible loss of data
mathgrapher\main.cpp(384): warning C4244: 'argument': conversion from 'double' to 'int', possible loss of data
mathgrapher\main.cpp(386): warning C4018: '<': signed/unsigned mismatch
mathgrapher\main.cpp(388): warning C4244: 'argument': conversion from 'double' to 'int', possible loss of data
mathgrapher\main.cpp(389): warning C4244: 'argument': conversion from 'double' to 'int', possible loss of data
mathgrapher\main.cpp(400): warning C4018: '<': signed/unsigned mismatch
mathgrapher\main.cpp(448): warning C4018: '<': signed/unsigned mismatch
mathgrapher\main.cpp(596): warning C4244: 'argument': conversion from 'double' to 'Uint32', possible loss of data
mathgrapher\main.cpp(643): warning C4244: 'argument': conversion from 'double' to 'int', possible loss of data
mathgrapher\main.cpp(748): warning C4244: 'argument': conversion from 'double' to 'int', possible loss of data
mathgrapher\main.cpp(751): warning C4244: 'argument': conversion from 'double' to 'int', possible loss of data
mathgrapher\main.cpp(790): warning C4244: 'argument': conversion from 'double' to 'int', possible loss of data
c:\users\ebail\documents\github\mathgrapher\mathgrapher\RenderingUtilities.hpp(95): warning C4018: '<': signed/unsigned mismatch
  mathgrapher\main.cpp(165): note: see reference to function template instantiation 'C foldr<controlFlow::<lambda_f59016671ceb1e1373e6e3d78f662438>,bool,bool>(A,std::vector<bool,std::allocator<_Ty>>,C)' being compiled
          with
          [
              C=bool,
              A=controlFlow::<lambda_f59016671ceb1e1373e6e3d78f662438>,
              _Ty=bool
          ]
  MathGrapher.vcxproj -> C:\Users\ebail\Documents\GitHub\MathGrapher\Debug\MathGrapher.exe
